[0mGET / [36m304[0m 524.216 ms - -[0m
[0mGET /js/home_post_comments.js [33m404[0m 22.408 ms - 163[0m
[0mGET /js/home_posts.js [33m404[0m 11.827 ms - 155[0m
[0mGET /js/toggle_likes.js [33m404[0m 30.698 ms - 157[0m
[0mGET /js/chat_engine.js [33m404[0m 29.854 ms - 156[0m
[0mGET /js/home_posts.js [33m404[0m 13.947 ms - 155[0m
[0mGET /js/toggle_likes.js [33m404[0m 23.424 ms - 157[0m
[0mGET /js/chat_engine.js [33m404[0m 10.078 ms - 156[0m
[0mGET /users/profile/6097e4e556eeff125cc123d7 [32m200[0m 26.097 ms - 2297[0m
[0mGET /css/layout.css [33m404[0m 23.640 ms - 153[0m
[0mGET /css/header.css [33m404[0m 33.881 ms - 153[0m
[0mGET /css/footer.css [33m404[0m 34.358 ms - 153[0m
[0mGET /js/chat_engine.js [33m404[0m 1296.687 ms - 156[0m
[0mGET /js/home_post_comments.js [33m404[0m 1543.901 ms - 163[0m
[0mGET / [32m200[0m 202.241 ms - 16690[0m
[0mGET /js/home_post_comments.js [33m404[0m 10.679 ms - 163[0m
[0mGET /js/home_posts.js [33m404[0m 7.305 ms - 155[0m
[0mGET /css/layout.css [33m404[0m 8.960 ms - 153[0m
[0mGET /js/toggle_likes.js [33m404[0m 11.229 ms - 157[0m
[0mGET /js/chat_engine.js [33m404[0m 11.182 ms - 156[0m
[0mGET /css/layout.css [33m404[0m 5.760 ms - 153[0m
[0mGET /js/home_post_comments.js [33m404[0m 63.786 ms - 163[0m
[0mGET /js/home_posts.js [33m404[0m 7.441 ms - 155[0m
[0mGET /js/toggle_likes.js [33m404[0m 3.720 ms - 157[0m
[0mGET /js/chat_engine.js [33m404[0m 4.101 ms - 156[0m
[0mGET /users/profile/609938876bf1e53cb01d398b [32m200[0m 47.469 ms - 2729[0m
[0mGET /users/profile/css/layout.css [33m404[0m 9.566 ms - 167[0m
[0mGET /users/profile/css/header.css [33m404[0m 8.798 ms - 167[0m
[0mGET /users/profile/css/footer.css [33m404[0m 9.797 ms - 167[0m
[0mGET /users/profile/css/users.css [33m404[0m 11.003 ms - 166[0m
[0mGET /users/profile/css/layout.css [33m404[0m 9.491 ms - 167[0m
[0mGET /users/profile/css/header.css [33m404[0m 11.441 ms - 167[0m
[0mGET /js/home_posts.js [33m404[0m 14.324 ms - 155[0m
[0mGET /js/toggle_likes.js [33m404[0m 19.725 ms - 157[0m
[0mGET /js/chat_engine.js [33m404[0m 17.853 ms - 156[0m
[0mGET /css/layout.css [33m404[0m 22.712 ms - 153[0m
[0mGET / [36m304[0m 88.547 ms - -[0m
[0mGET /css/layout.css [33m404[0m 19.436 ms - 153[0m
[0mGET /js/home_post_comments.js [33m404[0m 21.503 ms - 163[0m
[0mGET /css/footer.css [33m404[0m 24.029 ms - 153[0m
[0mGET /css/header.css [33m404[0m 24.684 ms - 153[0m
[0mGET /css/home.css [33m404[0m 21.920 ms - 151[0m
[0mGET /css/chat_box.css [33m404[0m 25.233 ms - 155[0m
[0mGET /js/toggle_likes.js [33m404[0m 17.091 ms - 157[0m
[0mGET /js/chat_engine.js [33m404[0m 19.684 ms - 156[0m
[0mGET /js/home_posts.js [33m404[0m 46.830 ms - 155[0m
[0mGET /js/toggle_likes.js [33m404[0m 5.865 ms - 157[0m
[0mGET /js/chat_engine.js [33m404[0m 6.406 ms - 156[0m
[0mGET / [36m304[0m 81.510 ms - -[0m
[0mGET /js/home_post_comments.js [33m404[0m 20.186 ms - 163[0m
[0mGET /css/header.css [33m404[0m 41.940 ms - 153[0m
[0mGET /css/layout.css [33m404[0m 39.979 ms - 153[0m
[0mGET /css/footer.css [33m404[0m 41.054 ms - 153[0m
[0mGET /css/home.css [33m404[0m 50.768 ms - 151[0m
[0mGET /css/chat_box.css [33m404[0m 56.631 ms - 155[0m
[0mGET /js/toggle_likes.js [33m404[0m 17.915 ms - 157[0m
[0mGET /js/home_posts.js [33m404[0m 12.941 ms - 155[0m
[0mGET /js/chat_engine.js [33m404[0m 13.244 ms - 156[0m
[0mGET /js/toggle_likes.js [33m404[0m 4.233 ms - 157[0m
[0mGET /js/chat_engine.js [33m404[0m 3.160 ms - 156[0m
[0mGET / [36m304[0m 112.954 ms - -[0m
[0mGET /js/home_post_comments.js [33m404[0m 22.196 ms - 163[0m
[0mGET /js/home_posts.js [33m404[0m 17.027 ms - 155[0m
[0mGET /js/toggle_likes.js [33m404[0m 28.672 ms - 157[0m
[0mGET /js/chat_engine.js [33m404[0m 26.686 ms - 156[0m
[0mGET / [36m304[0m 51.847 ms - -[0m
[0mGET /css/layout.css [33m404[0m 27.379 ms - 153[0m
[0mGET /js/home_post_comments.js [33m404[0m 22.876 ms - 163[0m
[0mGET /js/home_posts.js [33m404[0m 22.424 ms - 155[0m
[0mGET /css/footer.css [33m404[0m 32.723 ms - 153[0m
[0mGET /css/header.css [33m404[0m 35.317 ms - 153[0m
[0mGET /css/home.css [33m404[0m 30.761 ms - 151[0m
[0mGET /js/toggle_likes.js [33m404[0m 21.645 ms - 157[0m
[0mGET /js/chat_engine.js [33m404[0m 26.007 ms - 156[0m
[0mGET /css/chat_box.css [33m404[0m 15.483 ms - 155[0m
[0mGET /js/home_posts.js [33m404[0m 7.825 ms - 155[0m
[0mGET /js/toggle_likes.js [33m404[0m 3.246 ms - 157[0m
[0mGET /js/chat_engine.js [33m404[0m 3.480 ms - 156[0m
[0mGET / [36m304[0m 44.898 ms - -[0m
[0mGET /css/layout.css [33m404[0m 18.622 ms - 153[0m
[0mGET /css/header.css [33m404[0m 25.050 ms - 153[0m
[0mGET /js/home_post_comments.js [33m404[0m 24.245 ms - 163[0m
[0mGET /css/footer.css [33m404[0m 21.273 ms - 153[0m
[0mGET /css/home.css [33m404[0m 22.124 ms - 151[0m
[0mGET /css/chat_box.css [33m404[0m 29.367 ms - 155[0m
[0mGET /js/home_posts.js [33m404[0m 45.645 ms - 155[0m
[0mGET /js/toggle_likes.js [33m404[0m 16.950 ms - 157[0m
[0mGET /js/chat_engine.js [33m404[0m 16.142 ms - 156[0m
[0mGET /css/layout.css [33m404[0m 9.484 ms - 153[0m
[0mGET /css/header.css [33m404[0m 9.624 ms - 153[0m
[0mGET /css/footer.css [33m404[0m 8.601 ms - 153[0m
[0mGET /users/sign-in [36m302[0m 40.015 ms - 72[0m
[0mGET /users/profile [33m404[0m 6.191 ms - 152[0m
[0mGET /js/home_post_comments.js [33m404[0m 15.672 ms - 163[0m
[0mGET /js/home_posts.js [33m404[0m 17.949 ms - 155[0m
[0mGET /js/toggle_likes.js [33m404[0m 17.603 ms - 157[0m
[0mGET /css/home.css [33m404[0m 14.888 ms - 151[0m
[0mGET /css/chat_box.css [33m404[0m 15.342 ms - 155[0m
[0mGET /js/home_post_comments.js [33m404[0m 7.938 ms - 163[0m
[0mGET /css/home.css [33m404[0m 11.458 ms - 151[0m
[0mGET /css/chat_box.css [33m404[0m 10.971 ms - 155[0m
[0mGET /js/home_posts.js [33m404[0m 8.021 ms - 155[0m
[0mGET /js/toggle_likes.js [33m404[0m 84.755 ms - 157[0m
[0mGET / [36m304[0m 77.134 ms - -[0m
[0mGET /js/home_post_comments.js [33m404[0m 23.058 ms - 163[0m
[0mGET /css/layout.css [33m404[0m 22.495 ms - 153[0m
[0mGET /css/header.css [33m404[0m 22.584 ms - 153[0m
[0mGET /css/footer.css [33m404[0m 24.581 ms - 153[0m
[0mGET /css/chat_box.css [33m404[0m 18.465 ms - 155[0m
[0mGET /css/home.css [33m404[0m 42.705 ms - 151[0m
[0mGET /js/home_posts.js [33m404[0m 20.699 ms - 155[0m
[0mGET /js/toggle_likes.js [33m404[0m 23.283 ms - 157[0m
[0mGET /js/chat_engine.js [33m404[0m 23.844 ms - 156[0m
[0mGET /js/home_posts.js [33m404[0m 2470.461 ms - 155[0m
[0mGET /js/chat_engine.js [33m404[0m 2437.698 ms - 156[0m
[0mGET /js/home_post_comments.js [33m404[0m 3283.205 ms - 163[0m
[0mGET /js/toggle_likes.js [33m404[0m 2469.763 ms - 157[0m
[0mGET /js/home_posts.js [33m404[0m 4.835 ms - 155[0m
[0mGET /js/toggle_likes.js [33m404[0m 4.867 ms - 157[0m
[0mGET /js/chat_engine.js [33m404[0m 5.657 ms - 156[0m
[0mGET /users/profile/609938876bf1e53cb01d398b [36m304[0m 98.115 ms - -[0m
[0mGET /users/profile/css/layout.css [33m404[0m 14.218 ms - 167[0m
[0mGET /users/profile/css/header.css [33m404[0m 14.334 ms - 167[0m
[0mGET /users/profile/css/footer.css [33m404[0m 16.539 ms - 167[0m
[0mGET /users/profile/css/users.css [33m404[0m 16.990 ms - 166[0m
[0mGET /users/profile/609938876bf1e53cb01d398b [36m304[0m 14.639 ms - -[0m
[0mGET /users/profile/css/layout.css [33m404[0m 4.866 ms - 167[0m
[0mGET /users/profile/css/header.css [33m404[0m 18.425 ms - 167[0m
[0mGET /users/profile/css/footer.css [33m404[0m 11.875 ms - 167[0m
[0mGET /users/profile/css/users.css [33m404[0m 13.741 ms - 166[0m
[0mGET /users/profile/609938876bf1e53cb01d398b [36m304[0m 10.885 ms - -[0m
[0mGET /users/profile/css/header.css [33m404[0m 21.021 ms - 167[0m
[0mGET /users/profile/css/footer.css [33m404[0m 21.831 ms - 167[0m
[0mGET /users/profile/css/layout.css [33m404[0m 21.328 ms - 167[0m
[0mGET /users/profile/css/users.css [33m404[0m 21.645 ms - 166[0m
[0mGET /users/sign-out [36m302[0m 28.992 ms - 46[0m
[0mGET / [32m200[0m 250.150 ms - 11426[0m
[0mGET /js/toggle_likes.js [33m404[0m 7.397 ms - 157[0m
[0mGET /css/layout.css [33m404[0m 12.046 ms - 153[0m
[0mGET /css/home.css [33m404[0m 13.499 ms - 151[0m
[0mGET /css/header.css [33m404[0m 18.436 ms - 153[0m
[0mGET /css/footer.css [33m404[0m 20.362 ms - 153[0m
[0mGET /css/chat_box.css [33m404[0m 19.005 ms - 155[0m
[0mGET /js/home_post_comments.js [33m404[0m 13.808 ms - 163[0m
[0mGET /js/home_posts.js [33m404[0m 9.785 ms - 155[0m
[0mGET /js/chat_engine.js [33m404[0m 7.908 ms - 156[0m
[0mGET /js/toggle_likes.js [33m404[0m 4.938 ms - 157[0m
[0mGET /js/chat_engine.js [33m404[0m 2.303 ms - 156[0m
[0mGET / [32m200[0m 61.597 ms - 11053[0m
[0mGET /css/layout.css [33m404[0m 9.991 ms - 153[0m
[0mGET /css/header.css [33m404[0m 11.373 ms - 153[0m
[0mGET /js/home_post_comments.js [33m404[0m 7.421 ms - 163[0m
[0mGET /css/footer.css [33m404[0m 28.770 ms - 153[0m
[0mGET /css/home.css [33m404[0m 29.367 ms - 151[0m
[0mGET /css/chat_box.css [33m404[0m 13.751 ms - 155[0m
[0mGET /js/home_posts.js [33m404[0m 14.267 ms - 155[0m
[0mGET /js/toggle_likes.js [33m404[0m 14.500 ms - 157[0m
[0mGET /js/chat_engine.js [33m404[0m 14.921 ms - 156[0m
[0mGET / [36m304[0m 49.534 ms - -[0m
[0mGET /css/header.css [33m404[0m 6.363 ms - 153[0m
[0mGET /css/footer.css [33m404[0m 4.099 ms - 153[0m
[0mGET /css/layout.css [33m404[0m 4.719 ms - 153[0m
[0mGET /js/home_post_comments.js [33m404[0m 10.521 ms - 163[0m
[0mGET /js/home_posts.js [33m404[0m 7.773 ms - 155[0m
[0mGET /js/toggle_likes.js [33m404[0m 7.786 ms - 157[0m
[0mGET /js/chat_engine.js [33m404[0m 13.216 ms - 156[0m
[0mGET /css/home.css [33m404[0m 13.018 ms - 151[0m
[0mGET /css/chat_box.css [33m404[0m 13.252 ms - 155[0m
[0mGET /js/home_posts.js [33m404[0m 2.791 ms - 155[0m
[0mGET /js/toggle_likes.js [33m404[0m 4.537 ms - 157[0m
[0mGET /js/chat_engine.js [33m404[0m 4.818 ms - 156[0m
[0mGET / [36m304[0m 37.608 ms - -[0m
[0mGET /css/layout.css [33m404[0m 8.098 ms - 153[0m
[0mGET /css/header.css [33m404[0m 11.874 ms - 153[0m
[0mGET /css/home.css [33m404[0m 14.759 ms - 151[0m
[0mGET /js/home_post_comments.js [33m404[0m 8.135 ms - 163[0m
[0mGET /css/chat_box.css [33m404[0m 6.397 ms - 155[0m
[0mGET /js/home_posts.js [33m404[0m 9.767 ms - 155[0m
[0mGET /css/footer.css [33m404[0m 13.481 ms - 153[0m
[0mGET /js/chat_engine.js [33m404[0m 13.248 ms - 156[0m
[0mGET /js/toggle_likes.js [33m404[0m 8.869 ms - 157[0m
[0mGET /js/home_posts.js [33m404[0m 3.120 ms - 155[0m
[0mGET /js/toggle_likes.js [33m404[0m 2.411 ms - 157[0m
[0mGET /js/chat_engine.js [33m404[0m 2.355 ms - 156[0m
[0mGET / [36m304[0m 44.652 ms - -[0m
[0mGET /css/layout.css [33m404[0m 9.319 ms - 153[0m
[0mGET /css/footer.css [33m404[0m 15.677 ms - 153[0m
[0mGET /css/home.css [33m404[0m 13.291 ms - 151[0m
[0mGET /css/header.css [33m404[0m 18.979 ms - 153[0m
[0mGET /js/home_post_comments.js [33m404[0m 13.660 ms - 163[0m
[0mGET /css/chat_box.css [33m404[0m 9.811 ms - 155[0m
[0mGET /js/home_posts.js [33m404[0m 10.715 ms - 155[0m
[0mGET /js/toggle_likes.js [33m404[0m 12.116 ms - 157[0m
[0mGET /js/chat_engine.js [33m404[0m 10.949 ms - 156[0m
[0mGET /users/profile/css/layout.css [33m404[0m 31.846 ms - 167[0m
[0mGET /users/profile/css/header.css [33m404[0m 31.754 ms - 167[0m
[0mGET /users/profile/css/footer.css [33m404[0m 9.242 ms - 167[0m
[0mGET /users/profile/css/users.css [33m404[0m 8.479 ms - 166[0m
[0mGET /users/profile/609938876bf1e53cb01d398b [36m302[0m 2.377 ms - 72[0m
[0mGET /users/sign-in [32m200[0m 5.626 ms - 2289[0m
[0mGET /users/css/layout.css [33m404[0m 1.978 ms - 159[0m
[0mGET /users/css/header.css [33m404[0m 2.178 ms - 159[0m
[0mGET /users/css/footer.css [33m404[0m 2.352 ms - 159[0m
[0mGET / [36m304[0m 39.338 ms - -[0m
[0mGET /js/home_post_comments.js [33m404[0m 10.075 ms - 163[0m
[0mGET /css/header.css [33m404[0m 12.469 ms - 153[0m
[0mGET /css/footer.css [33m404[0m 12.584 ms - 153[0m
[0mGET /css/chat_box.css [33m404[0m 12.909 ms - 155[0m
[0mGET /css/layout.css [33m404[0m 13.539 ms - 153[0m
[0mGET /css/home.css [33m404[0m 12.368 ms - 151[0m
[0mGET /js/home_posts.js [33m404[0m 10.939 ms - 155[0m
[0mGET /js/toggle_likes.js [33m404[0m 9.045 ms - 157[0m
[0mGET /js/chat_engine.js [33m404[0m 11.276 ms - 156[0m
